0 info it worked if it ends with ok
1 verbose cli [ 'node', '/usr/local/bin/npm', 'install', 'jQuery-knob' ]
2 info using npm@1.4.28
3 info using node@v0.10.33
4 warn package.json sandbox@1.0.0 No description
5 warn package.json sandbox@1.0.0 No repository field.
6 warn package.json sandbox@1.0.0 No README data
7 verbose readDependencies using package.json deps
8 verbose cache add [ 'jQuery-knob', null ]
9 verbose cache add name=undefined spec="jQuery-knob" args=["jQuery-knob",null]
10 verbose parsed url { protocol: null,
10 verbose parsed url   slashes: null,
10 verbose parsed url   auth: null,
10 verbose parsed url   host: null,
10 verbose parsed url   port: null,
10 verbose parsed url   hostname: null,
10 verbose parsed url   hash: null,
10 verbose parsed url   search: null,
10 verbose parsed url   query: null,
10 verbose parsed url   pathname: 'jQuery-knob',
10 verbose parsed url   path: 'jQuery-knob',
10 verbose parsed url   href: 'jQuery-knob' }
11 silly lockFile 9215dacf-jQuery-knob jQuery-knob
12 verbose lock jQuery-knob /Users/Meta/.npm/9215dacf-jQuery-knob.lock
13 silly lockFile 9215dacf-jQuery-knob jQuery-knob
14 silly lockFile 9215dacf-jQuery-knob jQuery-knob
15 verbose addNamed [ 'jQuery-knob', '' ]
16 verbose addNamed [ null, '*' ]
17 silly lockFile 65a29e58-jQuery-knob jQuery-knob@
18 verbose lock jQuery-knob@ /Users/Meta/.npm/65a29e58-jQuery-knob.lock
19 silly addNameRange { name: 'jQuery-knob', range: '*', hasData: false }
20 verbose request where is /jQuery-knob
21 verbose request registry https://registry.npmjs.org/
22 verbose request id 302cc813fa86fb97
23 verbose url raw /jQuery-knob
24 verbose url resolving [ 'https://registry.npmjs.org/', './jQuery-knob' ]
25 verbose url resolved https://registry.npmjs.org/jQuery-knob
26 verbose request where is https://registry.npmjs.org/jQuery-knob
27 info trying registry request attempt 1 at 21:06:30
28 http GET https://registry.npmjs.org/jQuery-knob
29 http 404 https://registry.npmjs.org/jQuery-knob
30 verbose headers { date: 'Fri, 20 Mar 2015 04:06:30 GMT',
30 verbose headers   server: 'CouchDB/1.5.0 (Erlang OTP/R16B03)',
30 verbose headers   'content-type': 'application/json',
30 verbose headers   'cache-control': 'max-age=0',
30 verbose headers   'content-length': '51',
30 verbose headers   'accept-ranges': 'bytes',
30 verbose headers   via: '1.1 varnish',
30 verbose headers   age: '0',
30 verbose headers   'x-served-by': 'cache-sjc3128-SJC',
30 verbose headers   'x-cache': 'MISS',
30 verbose headers   'x-cache-hits': '0',
30 verbose headers   'x-timer': 'S1426824390.727266,VS0,VE91',
30 verbose headers   'keep-alive': 'timeout=10, max=50',
30 verbose headers   connection: 'Keep-Alive' }
31 silly registry.get cb [ 404,
31 silly registry.get   { date: 'Fri, 20 Mar 2015 04:06:30 GMT',
31 silly registry.get     server: 'CouchDB/1.5.0 (Erlang OTP/R16B03)',
31 silly registry.get     'content-type': 'application/json',
31 silly registry.get     'cache-control': 'max-age=0',
31 silly registry.get     'content-length': '51',
31 silly registry.get     'accept-ranges': 'bytes',
31 silly registry.get     via: '1.1 varnish',
31 silly registry.get     age: '0',
31 silly registry.get     'x-served-by': 'cache-sjc3128-SJC',
31 silly registry.get     'x-cache': 'MISS',
31 silly registry.get     'x-cache-hits': '0',
31 silly registry.get     'x-timer': 'S1426824390.727266,VS0,VE91',
31 silly registry.get     'keep-alive': 'timeout=10, max=50',
31 silly registry.get     connection: 'Keep-Alive' } ]
32 silly lockFile 65a29e58-jQuery-knob jQuery-knob@
33 silly lockFile 65a29e58-jQuery-knob jQuery-knob@
34 error 404 404 Not Found: jQuery-knob
34 error 404
34 error 404 'jQuery-knob' is not in the npm registry.
34 error 404 You should bug the author to publish it
34 error 404 It was specified as a dependency of 'sandbox'
34 error 404
34 error 404 Note that you can also install from a
34 error 404 tarball, folder, or http url, or git url.
35 error System Darwin 13.4.0
36 error command "node" "/usr/local/bin/npm" "install" "jQuery-knob"
37 error cwd /Users/Meta/Sites/webBlink/sandbox
38 error node -v v0.10.33
39 error npm -v 1.4.28
40 error code E404
41 verbose exit [ 1, true ]
